[2022-04-29 06:10:12,743][kospeech.utils][INFO] - audio:
  audio_extension: pcm
  sample_rate: 16000
  frame_length: 20
  frame_shift: 10
  normalize: true
  del_silence: true
  feature_extract_by: kaldi
  time_mask_num: 4
  freq_mask_num: 2
  spec_augment: true
  input_reverse: false
  transform_method: fbank
  n_mels: 80
  freq_mask_para: 18
model:
  architecture: deepspeech2
  teacher_forcing_ratio: 1.0
  teacher_forcing_step: 0.0
  min_teacher_forcing_ratio: 1.0
  dropout: 0.3
  bidirectional: false
  joint_ctc_attention: false
  max_len: 400
  use_bidirectional: true
  rnn_type: gru
  hidden_dim: 1024
  activation: hardtanh
  num_encoder_layers: 3
train:
  dataset: kspon
  dataset_path: /content/gdrive/MyDrive/음소인식project/project_dataset/kspon_train
  transcripts_path: /content/gdrive/MyDrive/음소인식project/project_dataset/kspon_train/transcripts.txt
  output_unit: character
  batch_size: 6
  save_result_every: 1000
  checkpoint_every: 5000
  print_every: 10
  mode: train
  num_workers: 4
  use_cuda: true
  num_threads: 2
  init_lr_scale: 0.01
  final_lr_scale: 0.05
  max_grad_norm: 400
  weight_decay: 1.0e-05
  total_steps: 200000
  seed: 777
  resume: false
  optimizer: adam
  init_lr: 1.0e-06
  final_lr: 1.0e-06
  peak_lr: 0.0001
  warmup_steps: 400
  num_epochs: 70
  reduction: mean
  lr_scheduler: tri_stage_lr_scheduler

[2022-04-29 06:10:12,767][kospeech.utils][INFO] - Operating System : Linux 5.4.188+
[2022-04-29 06:10:12,768][kospeech.utils][INFO] - Processor : x86_64
[2022-04-29 06:10:12,768][kospeech.utils][INFO] - CUDA is available : False
[2022-04-29 06:10:12,769][kospeech.utils][INFO] - PyTorch version : 1.11.0+cu113
[2022-04-29 06:10:12,790][kospeech.utils][INFO] - split dataset start !!
[2022-04-29 06:10:12,834][kospeech.utils][INFO] - Applying Spec Augmentation...
[2022-04-29 06:10:12,835][kospeech.utils][INFO] - Applying Spec Augmentation...
[2022-04-29 06:10:12,837][kospeech.utils][INFO] - Applying Spec Augmentation...
[2022-04-29 06:10:12,838][kospeech.utils][INFO] - Applying Spec Augmentation...
[2022-04-29 06:10:12,839][kospeech.utils][INFO] - split dataset complete !!
[2022-04-29 06:10:13,365][kospeech.utils][INFO] - start
[2022-04-29 06:10:13,365][kospeech.utils][INFO] - Epoch 0 start
